Build started 9/26/2015 6:08:40 PM.
     1>Project "C:\Users\Physics\Desktop\KH-Graphics\Drawing Program\Drawing\Drawing.vcxproj" on node 2 (Build target(s)).
     1>Link:
         C:\Program Files (x86)\Microsoft Visual Studio 14.0\VC\bin\link.exe /ERRORREPORT:PROMPT /OUT:"C:\Users\Physics\Desktop\KH-Graphics\Drawing Program\Drawing\Debug\Drawing.exe" /INCREMENTAL /NOLOGO kernel32.lib user32.lib gdi32.lib winspool.lib comdlg32.lib advapi32.lib shell32.lib ole32.lib oleaut32.lib uuid.lib odbc32.lib odbccp32.lib /MANIFEST /MANIFESTUAC:"level='asInvoker' uiAccess='false'" /manifest:embed /Debug /PDB:"C:\Users\Physics\Desktop\KH-Graphics\Drawing Program\Drawing\Debug\Drawing.pdb" /SUBSYSTEM:CONSOLE /TLBID:1 /DYNAMICBASE:NO /IMPLIB:"C:\Users\Physics\Desktop\KH-Graphics\Drawing Program\Drawing\Debug\Drawing.lib" /MACHINE:X86 /SAFESEH Debug\drawing.obj
         Debug\graphics.obj
         Debug\matrix.obj
         Debug\scene.obj
     1>drawing.obj : warning LNK4075: ignoring '/EDITANDCONTINUE' due to '/SAFESEH' specification
     1>scene.obj : error LNK2001: unresolved external symbol "private: static int TransformNode::count" (?count@TransformNode@@0HA)
     1>scene.obj : error LNK2001: unresolved external symbol "private: static class std::map<int,class TransformNode *,struct std::less<int>,class std::allocator<struct std::pair<int const ,class TransformNode *> > > TransformNode::idTransformNodeTable" (?idTransformNodeTable@TransformNode@@0V?$map@HPAVTransformNode@@U?$less@H@std@@V?$allocator@U?$pair@$$CBHPAVTransformNode@@@std@@@3@@std@@A)
     1>C:\Users\Physics\Desktop\KH-Graphics\Drawing Program\Drawing\Debug\Drawing.exe : fatal error LNK1120: 2 unresolved externals
     1>Done Building Project "C:\Users\Physics\Desktop\KH-Graphics\Drawing Program\Drawing\Drawing.vcxproj" (Build target(s)) -- FAILED.

Build FAILED.

Time Elapsed 00:00:00.17
